<?xml version="1.0" encoding="UTF-8"?>
<!-- Generated by org.testng.reporters.JUnitReportReporter -->
<testsuite hostname="DESKTOP-17LHQBD" failures="0" tests="1" name="testPackage.Test1" time="41.730" errors="0" timestamp="15 Apr 2025 17:12:35 GMT" skipped="0">
  <testcase classname="testPackage.Test1" name="a" time="41.730"/>
</testsuite> <!-- testPackage.Test1 -->
